<?xml version="1.0" encoding="UTF-8"?>
<!-- Generated by org.testng.reporters.JUnitXMLReporter -->
<testsuite hostname="PCDAMER" ignored="0" name="Test" tests="3" failures="0" timestamp="2020-01-14T10:51:08 CET" time="74.902" errors="0">
  <testcase name="AccesPageInscription" time="26.798" classname="tests.TestAccesPageCeationCompte"/>
  <testcase name="CloseBrowser" time="1.3" classname="communs.FermerPage"/>
  <testcase name="CreerComptedataBase" time="46.659" classname="tests.TestCreationCompteDataBase"/>
</testsuite> <!-- Test -->
